Build started 6/15/2012 5:26:25 PM.
     1>Project "H:\CSCE315Project2\Project2\Project2\Project2.vcxproj" on node 2 (build target(s)).
     1>InitializeBuildStatus:
         Creating "Debug\Project2.unsuccessfulbuild" because "AlwaysCreate" was specified.
       ClCompile:
         c:\Program Files (x86)\Microsoft Visual Studio 10.0\VC\bin\CL.exe /c /ZI /nologo /W3 /WX- /Od /Oy- /D _MBCS /Gm /EHsc /RTC1 /MDd /GS /fp:precise /Zc:wchar_t /Zc:forScope /Fo"Debug\\" /Fd"Debug\vc100.pdb" /Gd /TP /analyze- /errorReport:prompt ..\..\UnitReversiMain.cpp
         UnitReversiMain.cpp
     1>h:\csce315project2\unitreversimain.cpp(51): error C2064: term does not evaluate to a function taking 1 arguments
     1>Done Building Project "H:\CSCE315Project2\Project2\Project2\Project2.vcxproj" (build target(s)) -- FAILED.

Build FAILED.

Time Elapsed 00:00:01.36
